# JRE version: OpenJDK Runtime Environment AdoptOpenJDK (11.0.10+9) (build 11.0.10+9)
# Java VM: OpenJDK 64-Bit Server VM AdoptOpenJDK (11.0.10+9, mixed mode, tiered, compressed oops, g1 gc, windows-amd64)
Heap:
 garbage-first heap   total 602112K, used 245232K [0x0000000083200000, 0x0000000100000000)
  region size 1024K, 19 young (19456K), 7 survivors (7168K)
 Metaspace       used 77979K, capacity 82879K, committed 83152K, reserved 1122304K
  class space    used 8970K, capacity 11089K, committed 11136K, reserved 1048576K
GC Heap History (20 events):
Event: 2284.127 GC heap before
{Heap before GC invocations=162 (full 0):
 garbage-first heap   total 602112K, used 538619K [0x0000000083200000, 0x0000000100000000)
  region size 1024K, 305 young (312320K), 2 survivors (2048K)
 Metaspace       used 75743K, capacity 80406K, committed 80720K, reserved 1120256K
  class space    used 8682K, capacity 10673K, committed 10752K, reserved 1048576K
}
Event: 2284.129 GC heap after
{Heap after GC invocations=163 (full 0):
 garbage-first heap   total 602112K, used 228380K [0x0000000083200000, 0x0000000100000000)
  region size 1024K, 2 young (2048K), 2 survivors (2048K)
 Metaspace       used 75743K, capacity 80406K, committed 80720K, reserved 1120256K
  class space    used 8682K, capacity 10673K, committed 10752K, reserved 1048576K
}
Event: 2291.591 GC heap before
{Heap before GC invocations=163 (full 0):
 garbage-first heap   total 602112K, used 538652K [0x0000000083200000, 0x0000000100000000)
  region size 1024K, 305 young (312320K), 2 survivors (2048K)
 Metaspace       used 75748K, capacity 80406K, committed 80720K, reserved 1120256K
  class space    used 8682K, capacity 10673K, committed 10752K, reserved 1048576K
}
Event: 2291.592 GC heap after
{Heap after GC invocations=164 (full 0):
 garbage-first heap   total 602112K, used 228327K [0x0000000083200000, 0x0000000100000000)
  region size 1024K, 2 young (2048K), 2 survivors (2048K)
 Metaspace       used 75748K, capacity 80406K, committed 80720K, reserved 1120256K
  class space    used 8682K, capacity 10673K, committed 10752K, reserved 1048576K
}
Event: 2292.827 GC heap before
{Heap before GC invocations=164 (full 0):
 garbage-first heap   total 602112K, used 538599K [0x0000000083200000, 0x0000000100000000)
  region size 1024K, 305 young (312320K), 2 survivors (2048K)
 Metaspace       used 75748K, capacity 80406K, committed 80720K, reserved 1120256K
  class space    used 8682K, capacity 10673K, committed 10752K, reserved 1048576K
}
Event: 2292.828 GC heap after
{Heap after GC invocations=165 (full 0):
 garbage-first heap   total 602112K, used 228399K [0x0000000083200000, 0x0000000100000000)
  region size 1024K, 2 young (2048K), 2 survivors (2048K)
 Metaspace       used 75748K, capacity 80406K, committed 80720K, reserved 1120256K
  class space    used 8682K, capacity 10673K, committed 10752K, reserved 1048576K
}
Event: 2305.596 GC heap before
{Heap before GC invocations=165 (full 0):
 garbage-first heap   total 602112K, used 538671K [0x0000000083200000, 0x0000000100000000)
  region size 1024K, 305 young (312320K), 2 survivors (2048K)
 Metaspace       used 75907K, capacity 80540K, committed 80720K, reserved 1120256K
  class space    used 8683K, capacity 10675K, committed 10752K, reserved 1048576K
}
Event: 2305.598 GC heap after
{Heap after GC invocations=166 (full 0):
 garbage-first heap   total 602112K, used 230090K [0x0000000083200000, 0x0000000100000000)
  region size 1024K, 4 young (4096K), 4 survivors (4096K)
 Metaspace       used 75907K, capacity 80540K, committed 80720K, reserved 1120256K
  class space    used 8683K, capacity 10675K, committed 10752K, reserved 1048576K
}
Event: 2305.895 GC heap before
{Heap before GC invocations=166 (full 0):
 garbage-first heap   total 602112K, used 536266K [0x0000000083200000, 0x0000000100000000)
  region size 1024K, 303 young (310272K), 4 survivors (4096K)
 Metaspace       used 75907K, capacity 80540K, committed 80720K, reserved 1120256K
  class space    used 8683K, capacity 10675K, committed 10752K, reserved 1048576K
}
Event: 2305.897 GC heap after
{Heap after GC invocations=167 (full 0):
 garbage-first heap   total 602112K, used 230229K [0x0000000083200000, 0x0000000100000000)
  region size 1024K, 4 young (4096K), 4 survivors (4096K)
 Metaspace       used 75907K, capacity 80540K, committed 80720K, reserved 1120256K
  class space    used 8683K, capacity 10675K, committed 10752K, reserved 1048576K
}
Event: 2306.204 GC heap before
{Heap before GC invocations=167 (full 0):
 garbage-first heap   total 602112K, used 536405K [0x0000000083200000, 0x0000000100000000)
  region size 1024K, 303 young (310272K), 4 survivors (4096K)
 Metaspace       used 75907K, capacity 80540K, committed 80720K, reserved 1120256K
  class space    used 8683K, capacity 10675K, committed 10752K, reserved 1048576K
}
Event: 2306.206 GC heap after
{Heap after GC invocations=168 (full 0):
 garbage-first heap   total 602112K, used 230251K [0x0000000083200000, 0x0000000100000000)
  region size 1024K, 4 young (4096K), 4 survivors (4096K)
 Metaspace       used 75907K, capacity 80540K, committed 80720K, reserved 1120256K
  class space    used 8683K, capacity 10675K, committed 10752K, reserved 1048576K
}
Event: 2306.475 GC heap before
{Heap before GC invocations=168 (full 0):
 garbage-first heap   total 602112K, used 536427K [0x0000000083200000, 0x0000000100000000)
  region size 1024K, 303 young (310272K), 4 survivors (4096K)
 Metaspace       used 75907K, capacity 80540K, committed 80720K, reserved 1120256K
  class space    used 8683K, capacity 10675K, committed 10752K, reserved 1048576K
}
Event: 2306.477 GC heap after
{Heap after GC invocations=169 (full 0):
 garbage-first heap   total 602112K, used 230256K [0x0000000083200000, 0x0000000100000000)
  region size 1024K, 4 young (4096K), 4 survivors (4096K)
 Metaspace       used 75907K, capacity 80540K, committed 80720K, reserved 1120256K
  class space    used 8683K, capacity 10675K, committed 10752K, reserved 1048576K
}
Event: 2306.765 GC heap before
{Heap before GC invocations=169 (full 0):
 garbage-first heap   total 602112K, used 536432K [0x0000000083200000, 0x0000000100000000)
  region size 1024K, 303 young (310272K), 4 survivors (4096K)
 Metaspace       used 75907K, capacity 80540K, committed 80720K, reserved 1120256K
  class space    used 8683K, capacity 10675K, committed 10752K, reserved 1048576K
}
Event: 2306.766 GC heap after
{Heap after GC invocations=170 (full 0):
 garbage-first heap   total 602112K, used 230109K [0x0000000083200000, 0x0000000100000000)
  region size 1024K, 4 young (4096K), 4 survivors (4096K)
 Metaspace       used 75907K, capacity 80540K, committed 80720K, reserved 1120256K
  class space    used 8683K, capacity 10675K, committed 10752K, reserved 1048576K
}
Event: 2307.048 GC heap before
{Heap before GC invocations=170 (full 0):
 garbage-first heap   total 602112K, used 536285K [0x0000000083200000, 0x0000000100000000)
  region size 1024K, 303 young (310272K), 4 survivors (4096K)
 Metaspace       used 75907K, capacity 80540K, committed 80720K, reserved 1120256K
  class space    used 8683K, capacity 10675K, committed 10752K, reserved 1048576K
}
Event: 2307.050 GC heap after
{Heap after GC invocations=171 (full 0):
 garbage-first heap   total 602112K, used 230259K [0x0000000083200000, 0x0000000100000000)
  region size 1024K, 4 young (4096K), 4 survivors (4096K)
 Metaspace       used 75907K, capacity 80540K, committed 80720K, reserved 1120256K
  class space    used 8683K, capacity 10675K, committed 10752K, reserved 1048576K
}
Event: 72703.936 GC heap before
{Heap before GC invocations=171 (full 0):
 garbage-first heap   total 602112K, used 536435K [0x0000000083200000, 0x0000000100000000)
  region size 1024K, 303 young (310272K), 4 survivors (4096K)
 Metaspace       used 76955K, capacity 81875K, committed 82000K, reserved 1120256K
  class space    used 8847K, capacity 10973K, committed 11008K, reserved 1048576K
}
Event: 72703.969 GC heap after
{Heap after GC invocations=172 (full 0):
 garbage-first heap   total 602112K, used 233968K [0x0000000083200000, 0x0000000100000000)
  region size 1024K, 7 young (7168K), 7 survivors (7168K)
 Metaspace       used 76955K, capacity 81875K, committed 82000K, reserved 1120256K
  class space    used 8847K, capacity 10973K, committed 11008K, reserved 1048576K
}

